#
# There is insufficient memory for the Java Runtime Environment to continue.
# Native memory allocation (malloc) failed to allocate 262160 bytes for Chunk::new
# Possible reasons:
#   The system is out of physical RAM or swap space
#   In 32 bit mode, the process size limit was hit
# Possible solutions:
#   Reduce memory load on the system
#   Increase physical memory or swap space
#   Check if swap backing store is full
#   Use 64 bit Java on a 64 bit OS
#   Decrease Java heap size (-Xmx/-Xms)
#   Decrease number of Java threads
#   Decrease Java thread stack sizes (-Xss)
#   Set larger code cache with -XX:ReservedCodeCacheSize=
# This output file may be truncated or incomplete.
#
#  Out of Memory Error (allocation.cpp:390), pid=3748, tid=0x0000000000000174
#
# JRE version: Java(TM) SE Runtime Environment (8.0_102-b14) (build 1.8.0_102-b14)
# Java VM: Java HotSpot(TM) 64-Bit Server VM (25.102-b14 mixed mode windows-amd64 compressed oops)
# Failed to write core dump. Minidumps are not enabled by default on client versions of Windows
#

---------------  T H R E A D  ---------------

Current thread (0x0000000056336000):  JavaThread "C2 CompilerThread1" daemon [_thread_in_native, id=372, stack(0x0000000056d10000,0x0000000056e10000)]

Stack: [0x0000000056d10000,0x0000000056e10000]
[error occurred during error reporting (printing stack bounds), id 0xc0000005]

Native frames: (J=compiled Java code, j=interpreted, Vv=VM code, C=native code)


Current CompileTask:
C2:   7847 2606       4       org.springframework.asm.ClassReader::readCode (3343 bytes)


---------------  P R O C E S S  ---------------

Java Threads: ( => current thread )
  0x00000000563ef000 JavaThread "Monitor Ctrl-Break" daemon [_thread_in_native, id=4280, stack(0x00000000573e0000,0x00000000574e0000)]
  0x00000000563bc800 JavaThread "Service Thread" daemon [_thread_blocked, id=3968, stack(0x0000000057050000,0x0000000057150000)]
  0x0000000056337000 JavaThread "C1 CompilerThread2" daemon [_thread_blocked, id=4756, stack(0x0000000056ed0000,0x0000000056fd0000)]
=>0x0000000056336000 JavaThread "C2 CompilerThread1" daemon [_thread_in_native, id=372, stack(0x0000000056d10000,0x0000000056e10000)]
  0x0000000056333000 JavaThread "C2 CompilerThread0" daemon [_thread_in_native, id=3956, stack(0x0000000056740000,0x0000000056840000)]
  0x0000000056330800 JavaThread "Attach Listener" daemon [_thread_blocked, id=5820, stack(0x0000000056af0000,0x0000000056bf0000)]
  0x0000000054ee6800 JavaThread "Signal Dispatcher" daemon [_thread_blocked, id=6004, stack(0x0000000056870000,0x0000000056970000)]
  0x0000000054ecc800 JavaThread "Finalizer" daemon [_thread_blocked, id=3896, stack(0x0000000056230000,0x0000000056330000)]
  0x0000000054e85000 JavaThread "Reference Handler" daemon [_thread_blocked, id=5288, stack(0x00000000560f0000,0x00000000561f0000)]
  0x000000000231f000 JavaThread "main" [_thread_in_native, id=1960, stack(0x00000000024f0000,0x00000000025f0000)]

Other Threads:
  0x0000000054e7d800 VMThread [stack: 0x0000000055f20000,0x0000000056020000] [id=5800]
  0x00000000563ce800 WatcherThread [stack: 0x0000000057150000,0x0000000057250000] [id=4744]

VM state:not at safepoint (normal execution)

VM Mutex/Monitor currently owned by a thread: None

Heap:
 PSYoungGen      total 137728K, used 92930K [0x00000000ebb80000, 0x00000000f4c80000, 0x0000000100000000)
  eden space 126976K, 73% used [0x00000000ebb80000,0x00000000f1640910,0x00000000f3780000)
  from space 10752K, 0% used [0x00000000f4200000,0x00000000f4200000,0x00000000f4c80000)
  to   space 10752K, 0% used [0x00000000f3780000,0x00000000f3780000,0x00000000f4200000)
 ParOldGen       total 39424K, used 12307K [0x00000000c3200000, 0x00000000c5880000, 0x00000000ebb80000)
  object space 39424K, 31% used [0x00000000c3200000,0x00000000c3e04ff0,0x00000000c5880000)
 Metaspace       used 25013K, capacity 25280K, committed 25600K, reserved 1071104K
  class space    used 3122K, capacity 3221K, committed 3328K, reserved 1048576K

Card table byte_map: [0x0000000011c80000,0x0000000011e70000] byte_map_base: 0x0000000011667000

Marking Bits: (ParMarkBitMap*) 0x000000005895a6c0
 Begin Bits: [0x0000000012490000, 0x00000000133c8000)
 End Bits:   [0x00000000133c8000, 0x0000000014300000)

Polling page: 0x0000000000330000

CodeCache: size=245760Kb used=10466Kb max_used=10466Kb free=235293Kb
 bounds [0x00000000028c0000, 0x0000000003300000, 0x00000000118c0000]
 total_blobs=3177 nmethods=2798 adapters=292
 compilation: enabled

Compilation events (10 events):
Event: 7.831 Thread 0x0000000056337000 2826       2       org.springframework.transaction.interceptor.TransactionAttributeSourcePointcut::matches (37 bytes)
Event: 7.832 Thread 0x0000000056337000 nmethod 2826 0x00000000032facd0 code [0x00000000032fae60, 0x00000000032fb0a8]
Event: 7.832 Thread 0x0000000056337000 2827       2       org.springframework.transaction.interceptor.BeanFactoryTransactionAttributeSourceAdvisor$1::getTransactionAttributeSource (8 bytes)
Event: 7.832 Thread 0x0000000056337000 nmethod 2827 0x00000000032fb210 code [0x00000000032fb360, 0x00000000032fb4b0]
Event: 7.832 Thread 0x0000000056337000 2828       2       org.springframework.transaction.interceptor.AbstractFallbackTransactionAttributeSource::getCacheKey (10 bytes)
Event: 7.832 Thread 0x0000000056337000 nmethod 2828 0x00000000032fb550 code [0x00000000032fb6a0, 0x00000000032fb870]
Event: 7.832 Thread 0x0000000056337000 2829       2       org.springframework.transaction.interceptor.AbstractFallbackTransactionAttributeSource::computeTransactionAttribute (128 bytes)
Event: 7.834 Thread 0x0000000056337000 nmethod 2829 0x00000000032fb910 code [0x00000000032fbb60, 0x00000000032fc398]
Event: 7.835 Thread 0x0000000056337000 2830       2       org.springframework.transaction.interceptor.AbstractFallbackTransactionAttributeSource::getTransactionAttribute (166 bytes)
Event: 7.836 Thread 0x0000000056337000 nmethod 2830 0x00000000032fcb10 code [0x00000000032fcd60, 0x00000000032fd3a8]

GC Heap History (10 events):
Event: 3.269 GC heap before
{Heap before GC invocations=3 (full 0):
 PSYoungGen      total 34304K, used 34287K [0x00000000ebb80000, 0x00000000edf80000, 0x0000000100000000)
  eden space 31744K, 100% used [0x00000000ebb80000,0x00000000eda80000,0x00000000eda80000)
  from space 2560K, 99% used [0x00000000edd00000,0x00000000edf7bf68,0x00000000edf80000)
  to   space 2560K, 0% used [0x00000000eda80000,0x00000000eda80000,0x00000000edd00000)
 ParOldGen       total 42496K, used 407K [0x00000000c3200000, 0x00000000c5b80000, 0x00000000ebb80000)
  object space 42496K, 0% used [0x00000000c3200000,0x00000000c3265c18,0x00000000c5b80000)
 Metaspace       used 12077K, capacity 12166K, committed 12288K, reserved 1060864K
  class space    used 1429K, capacity 1467K, committed 1536K, reserved 1048576K
Event: 3.324 GC heap after
Heap after GC invocations=3 (full 0):
 PSYoungGen      total 34304K, used 2530K [0x00000000ebb80000, 0x00000000efe80000, 0x0000000100000000)
  eden space 31744K, 0% used [0x00000000ebb80000,0x00000000ebb80000,0x00000000eda80000)
  from space 2560K, 98% used [0x00000000eda80000,0x00000000edcf8bf0,0x00000000edd00000)
  to   space 2560K, 0% used [0x00000000efc00000,0x00000000efc00000,0x00000000efe80000)
 ParOldGen       total 42496K, used 3660K [0x00000000c3200000, 0x00000000c5b80000, 0x00000000ebb80000)
  object space 42496K, 8% used [0x00000000c3200000,0x00000000c3593398,0x00000000c5b80000)
 Metaspace       used 12077K, capacity 12166K, committed 12288K, reserved 1060864K
  class space    used 1429K, capacity 1467K, committed 1536K, reserved 1048576K
}
Event: 4.237 GC heap before
{Heap before GC invocations=4 (full 0):
 PSYoungGen      total 34304K, used 34274K [0x00000000ebb80000, 0x00000000efe80000, 0x0000000100000000)
  eden space 31744K, 100% used [0x00000000ebb80000,0x00000000eda80000,0x00000000eda80000)
  from space 2560K, 98% used [0x00000000eda80000,0x00000000edcf8bf0,0x00000000edd00000)
  to   space 2560K, 0% used [0x00000000efc00000,0x00000000efc00000,0x00000000efe80000)
 ParOldGen       total 42496K, used 3660K [0x00000000c3200000, 0x00000000c5b80000, 0x00000000ebb80000)
  object space 42496K, 8% used [0x00000000c3200000,0x00000000c3593398,0x00000000c5b80000)
 Metaspace       used 16738K, capacity 16958K, committed 17024K, reserved 1064960K
  class space    used 2065K, capacity 2127K, committed 2176K, reserved 1048576K
Event: 4.253 GC heap after
Heap after GC invocations=4 (full 0):
 PSYoungGen      total 66048K, used 2544K [0x00000000ebb80000, 0x00000000efe80000, 0x0000000100000000)
  eden space 63488K, 0% used [0x00000000ebb80000,0x00000000ebb80000,0x00000000ef980000)
  from space 2560K, 99% used [0x00000000efc00000,0x00000000efe7c040,0x00000000efe80000)
  to   space 2560K, 0% used [0x00000000ef980000,0x00000000ef980000,0x00000000efc00000)
 ParOldGen       total 42496K, used 10714K [0x00000000c3200000, 0x00000000c5b80000, 0x00000000ebb80000)
  object space 42496K, 25% used [0x00000000c3200000,0x00000000c3c76850,0x00000000c5b80000)
 Metaspace       used 16738K, capacity 16958K, committed 17024K, reserved 1064960K
  class space    used 2065K, capacity 2127K, committed 2176K, reserved 1048576K
}
Event: 5.338 GC heap before
{Heap before GC invocations=5 (full 0):
 PSYoungGen      total 66048K, used 66032K [0x00000000ebb80000, 0x00000000efe80000, 0x0000000100000000)
  eden space 63488K, 100% used [0x00000000ebb80000,0x00000000ef980000,0x00000000ef980000)
  from space 2560K, 99% used [0x00000000efc00000,0x00000000efe7c040,0x00000000efe80000)
  to   space 2560K, 0% used [0x00000000ef980000,0x00000000ef980000,0x00000000efc00000)
 ParOldGen       total 42496K, used 10714K [0x00000000c3200000, 0x00000000c5b80000, 0x00000000ebb80000)
  object space 42496K, 25% used [0x00000000c3200000,0x00000000c3c76850,0x00000000c5b80000)
 Metaspace       used 20793K, capacity 21054K, committed 21296K, reserved 1069056K
  class space    used 2552K, capacity 2634K, committed 2688K, reserved 1048576K
Event: 5.395 GC heap after
Heap after GC invocations=5 (full 0):
 PSYoungGen      total 66048K, used 2544K [0x00000000ebb80000, 0x00000000f4c80000, 0x0000000100000000)
  eden space 63488K, 0% used [0x00000000ebb80000,0x00000000ebb80000,0x00000000ef980000)
  from space 2560K, 99% used [0x00000000ef980000,0x00000000efbfc030,0x00000000efc00000)
  to   space 10752K, 0% used [0x00000000f4200000,0x00000000f4200000,0x00000000f4c80000)
 ParOldGen       total 42496K, used 15255K [0x00000000c3200000, 0x00000000c5b80000, 0x00000000ebb80000)
  object space 42496K, 35% used [0x00000000c3200000,0x00000000c40e5d80,0x00000000c5b80000)
 Metaspace       used 20793K, capacity 21054K, committed 21296K, reserved 1069056K
  class space    used 2552K, capacity 2634K, committed 2688K, reserved 1048576K
}
Event: 5.521 GC heap before
{Heap before GC invocations=6 (full 0):
 PSYoungGen      total 66048K, used 13392K [0x00000000ebb80000, 0x00000000f4c80000, 0x0000000100000000)
  eden space 63488K, 17% used [0x00000000ebb80000,0x00000000ec618340,0x00000000ef980000)
  from space 2560K, 99% used [0x00000000ef980000,0x00000000efbfc030,0x00000000efc00000)
  to   space 10752K, 0% used [0x00000000f4200000,0x00000000f4200000,0x00000000f4c80000)
 ParOldGen       total 42496K, used 15255K [0x00000000c3200000, 0x00000000c5b80000, 0x00000000ebb80000)
  object space 42496K, 35% used [0x00000000c3200000,0x00000000c40e5d80,0x00000000c5b80000)
 Metaspace       used 20924K, capacity 21162K, committed 21296K, reserved 1069056K
  class space    used 2572K, capacity 2668K, committed 2688K, reserved 1048576K
Event: 5.575 GC heap after
Heap after GC invocations=6 (full 0):
 PSYoungGen      total 137728K, used 3056K [0x00000000ebb80000, 0x00000000f4c80000, 0x0000000100000000)
  eden space 126976K, 0% used [0x00000000ebb80000,0x00000000ebb80000,0x00000000f3780000)
  from space 10752K, 28% used [0x00000000f4200000,0x00000000f44fc010,0x00000000f4c80000)
  to   space 10752K, 0% used [0x00000000f3780000,0x00000000f3780000,0x00000000f4200000)
 ParOldGen       total 42496K, used 15255K [0x00000000c3200000, 0x00000000c5b80000, 0x00000000ebb80000)
  object space 42496K, 35% used [0x00000000c3200000,0x00000000c40e5d80,0x00000000c5b80000)
 Metaspace       used 20924K, capacity 21162K, committed 21296K, reserved 1069056K
  class space    used 2572K, capacity 2668K, committed 2688K, reserved 1048576K
}
Event: 5.575 GC heap before
{Heap before GC invocations=7 (full 1):
 PSYoungGen      total 137728K, used 3056K [0x00000000ebb80000, 0x00000000f4c80000, 0x0000000100000000)
  eden space 126976K, 0% used [0x00000000ebb80000,0x00000000ebb80000,0x00000000f3780000)
  from space 10752K, 28% used [0x00000000f4200000,0x00000000f44fc010,0x00000000f4c80000)
  to   space 10752K, 0% used [0x00000000f3780000,0x00000000f3780000,0x00000000f4200000)
 ParOldGen       total 42496K, used 15255K [0x00000000c3200000, 0x00000000c5b80000, 0x00000000ebb80000)
  object space 42496K, 35% used [0x00000000c3200000,0x00000000c40e5d80,0x00000000c5b80000)
 Metaspace       used 20924K, capacity 21162K, committed 21296K, reserved 1069056K
  class space    used 2572K, capacity 2668K, committed 2688K, reserved 1048576K
Event: 5.712 GC heap after
Heap after GC invocations=7 (full 1):
 PSYoungGen      total 137728K, used 0K [0x00000000ebb80000, 0x00000000f4c80000, 0x0000000100000000)
  eden space 126976K, 0% used [0x00000000ebb80000,0x00000000ebb80000,0x00000000f3780000)
  from space 10752K, 0% used [0x00000000f4200000,0x00000000f4200000,0x00000000f4c80000)
  to   space 10752K, 0% used [0x00000000f3780000,0x00000000f3780000,0x00000000f4200000)
 ParOldGen       total 39424K, used 12307K [0x00000000c3200000, 0x00000000c5880000, 0x00000000ebb80000)
  object space 39424K, 31% used [0x00000000c3200000,0x00000000c3e04ff0,0x00000000c5880000)
 Metaspace       used 20924K, capacity 21162K, committed 21296K, reserved 1069056K
  class space    used 2572K, capacity 2668K, committed 2688K, reserved 1048576K
}

Deoptimization events (10 events):
Event: 7.149 Thread 0x000000000231f000 Uncommon trap: reason=array_check action=maybe_recompile pc=0x000000000322f1dc method=java.util.AbstractCollection.toArray([Ljava/lang/Object;)[Ljava/lang/Object; @ 119
Event: 7.149 Thread 0x000000000231f000 Uncommon trap: reason=array_check action=maybe_recompile pc=0x000000000322f1dc method=java.util.AbstractCollection.toArray([Ljava/lang/Object;)[Ljava/lang/Object; @ 119
Event: 7.545 Thread 0x000000000231f000 Uncommon trap: reason=bimorphic action=maybe_recompile pc=0x0000000003268494 method=java.util.concurrent.ConcurrentHashMap.putVal(Ljava/lang/Object;Ljava/lang/Object;Z)Ljava/lang/Object; @ 192
Event: 7.546 Thread 0x000000000231f000 Uncommon trap: reason=bimorphic action=maybe_recompile pc=0x0000000003268494 method=java.util.concurrent.ConcurrentHashMap.putVal(Ljava/lang/Object;Ljava/lang/Object;Z)Ljava/lang/Object; @ 192
Event: 7.549 Thread 0x000000000231f000 Uncommon trap: reason=unstable_if action=reinterpret pc=0x0000000002cba0c4 method=java.lang.ref.ReferenceQueue.poll()Ljava/lang/ref/Reference; @ 4
Event: 7.605 Thread 0x000000000231f000 Uncommon trap: reason=unstable_if action=reinterpret pc=0x0000000002e66520 method=java.util.regex.Pattern$CharProperty$1.isSatisfiedBy(I)Z @ 8
Event: 7.605 Thread 0x000000000231f000 Uncommon trap: reason=unstable_if action=reinterpret pc=0x0000000002e5f150 method=java.util.regex.Pattern$CharProperty$1.isSatisfiedBy(I)Z @ 8
Event: 7.648 Thread 0x000000000231f000 Uncommon trap: reason=bimorphic action=maybe_recompile pc=0x0000000003268494 method=java.util.concurrent.ConcurrentHashMap.putVal(Ljava/lang/Object;Ljava/lang/Object;Z)Ljava/lang/Object; @ 192
Event: 7.701 Thread 0x000000000231f000 Uncommon trap: reason=bimorphic action=maybe_recompile pc=0x0000000003268494 method=java.util.concurrent.ConcurrentHashMap.putVal(Ljava/lang/Object;Ljava/lang/Object;Z)Ljava/lang/Object; @ 192
Event: 7.808 Thread 0x000000000231f000 Uncommon trap: reason=unstable_if action=reinterpret pc=0x0000000003207c40 method=org.springframework.asm.MethodWriter.visitInsn(I)V @ 98

Internal exceptions (10 events):
Event: 7.580 Thread 0x000000000231f000 Exception <a 'java/lang/ClassNotFoundException': org/apache/tomcat/jdbc/pool/jmx/ConnectionPoolMBeanCustomizer> (0x00000000f097b738) thrown at [C:\re\workspace\8-2-build-windows-amd64-cygwin\jdk8u102\7268\hotspot\src\share\vm\classfile\systemDictionary.cpp£ÂVÙ*U@
Event: 7.583 Thread 0x000000000231f000 Exception <a 'java/lang/ClassNotFoundException': javax/sql/ConnectionPoolDataSourceCustomizer> (0x00000000f098f120) thrown at [C:\re\workspace\8-2-build-windows-amd64-cygwin\jdk8u102\7268\hotspot\src\share\vm\classfile\systemDictionary.cpp, line 210]
Event: 7.584 Thread 0x000000000231f000 Exception <a 'java/lang/ClassNotFoundException': org/apache/tomcat/jdbc/pool/PoolConfigurationCustomizer> (0x00000000f09a5948) thrown at [C:\re\workspace\8-2-build-windows-amd64-cygwin\jdk8u102\7268\hotspot\src\share\vm\classfile\systemDictionary.cpp, line‰>Iif1@
Event: 7.798 Thread 0x000000000231f000 Exception <a 'java/lang/ClassNotFoundException': java/lang/ObjectCustomizer> (0x00000000f1399cc0) thrown at [C:\re\workspace\8-2-build-windows-amd64-cygwin\jdk8u102\7268\hotspot\src\share\vm\classfile\systemDictionary.cpp, line 210]
Event: 7.799 Thread 0x000000000231f000 Exception <a 'java/lang/ClassNotFoundException': org/springframework/boot/autoconfigure/jdbc/DataSourceAutoConfigurationCustomizer> (0x00000000f13b7c58) thrown at [C:\re\workspace\8-2-build-windows-amd64-cygwin\jdk8u102\7268\hotspot\src\share\vm\classfile\Ñ ew3@
Event: 7.800 Thread 0x000000000231f000 Exception <a 'java/lang/ClassNotFoundException': org/springframework/boot/autoconfigure/jdbc/DataSourceAutoConfiguration$$EnhancerBySpringCGLIB$$b0a491aaCustomizer> (0x00000000f13dba60) thrown at [C:\re\workspace\8-2-build-windows-amd64-cygwin\jdk8u102\726ÃG ‡5@
Event: 7.802 Thread 0x000000000231f000 Exception <a 'java/lang/ClassNotFoundException': org/springframework/context/annotation/ConfigurationClassEnhancer$EnhancedConfigurationCustomizer> (0x00000000f14008e8) thrown at [C:\re\workspace\8-2-build-windows-amd64-cygwin\jdk8u102\7268\hotspot\src\sha}ÚqÜ™I@
Event: 7.822 Thread 0x000000000231f000 Exception <a 'java/lang/ClassNotFoundException': java/lang/ObjectCustomizer> (0x00000000f14ab2e0) thrown at [C:\re\workspace\8-2-build-windows-amd64-cygwin\jdk8u102\7268\hotspot\src\share\vm\classfile\systemDictionary.cpp, line 210]
Event: 7.823 Thread 0x000000000231f000 Exception <a 'java/lang/ClassNotFoundException': org/springframework/boot/autoconfigure/jdbc/DataSourceInitializerCustomizer> (0x00000000f14c8398) thrown at [C:\re\workspace\8-2-build-windows-amd64-cygwin\jdk8u102\7268\hotspot\src\share\vm\classfile\systemŽÎ•äL@
Event: 7.825 Thread 0x000000000231f000 Exception <a 'java/lang/ClassNotFoundException': org/springframework/context/ApplicationListenerCustomizer> (0x00000000f14e4610) thrown at [C:\re\workspace\8-2-build-windows-amd64-cygwin\jdk8u102\7268\hotspot\src\share\vm\classfile\systemDictionary.cpp, lià×¬'R@

Events (10 events):
Event: 7.827 loading class org/springframework/beans/factory/annotation/AutowiredAnnotationBeanPostProcessor$ShortcutDependencyDescriptor
Event: 7.827 loading class org/springframework/beans/factory/annotation/AutowiredAnnotationBeanPostProcessor$ShortcutDependencyDescriptor done
Event: 7.838 loading class org/springframework/jdbc/config/SortedResourcesFactoryBean
Event: 7.838 loading class org/springframework/jdbc/config/SortedResourcesFactoryBean done
Event: 7.839 loading class org/springframework/beans/factory/config/AbstractFactoryBean
Event: 7.839 loading class org/springframework/beans/factory/config/AbstractFactoryBean done
Event: 7.840 loading class org/springframework/jdbc/config/SortedResourcesFactoryBean$1
Event: 7.840 loading class org/springframework/jdbc/config/SortedResourcesFactoryBean$1 done
Event: 7.842 loading class org/springframework/jdbc/datasource/init/ResourceDatabasePopulator
Event: 7.842 loading class org/springframework/jdbc/datasource/init/ResourceDatabasePopulator done


Dynamic libraries:
0x000000013f270000 - 0x000000013f2a7000 	C:\Program Files\Java\jdk1.8.0_102\bin\java.exe
0x0000000077b50000 - 0x0000000077cfa000 	C:\Windows\SYSTEM32\ntdll.dll
0x0000000077a30000 - 0x0000000077b4f000 	C:\Windows\system32\kernel32.dll
0x000007fefdb50000 - 0x000007fefdbba000 	C:\Windows\system32\KERNELBASE.dll
0x000007fefeb50000 - 0x000007fefec2b000 	C:\Windows\system32\ADVAPI32.dll
0x000007fefe740000 - 0x000007fefe7df000 	C:\Windows\system32\msvcrt.dll
0x000007fefdde0000 - 0x000007fefddff000 	C:\Windows\SYSTEM32\sechost.dll
0x000007fefe060000 - 0x000007fefe18d000 	C:\Windows\system32\RPCRT4.dll
0x0000000077930000 - 0x0000000077a2a000 	C:\Windows\system32\USER32.dll
0x000007fefe4f0000 - 0x000007fefe557000 	C:\Windows\system32\GDI32.dll
0x000007fefe2d0000 - 0x000007fefe2de000 	C:\Windows\system32\LPK.dll
0x000007fefe420000 - 0x000007fefe4ea000 	C:\Windows\system32\USP10.dll
0x000007fefbd20000 - 0x000007fefbf14000 	C:\Windows\WinSxS\amd64_microsoft.windows.common-controls_6595b64144ccf1df_6.0.7601.18837_none_fa3b1e3d17594757\COMCTL32.dll
0x000007fefed50000 - 0x000007fefedc1000 	C:\Windows\system32\SHLWAPI.dll
0x000007feffe30000 - 0x000007feffe5e000 	C:\Windows\system32\IMM32.DLL
0x000007fefe300000 - 0x000007fefe409000 	C:\Windows\system32\MSCTF.dll
0x000007fefd7e0000 - 0x000007fefd800000 	C:\Windows\system32\nvinitx.dll
0x00000000672f0000 - 0x00000000673c1000 	C:\Program Files\Java\jdk1.8.0_102\jre\bin\msvcr100.dll
0x0000000058140000 - 0x00000000589da000 	C:\Program Files\Java\jdk1.8.0_102\jre\bin\server\jvm.dll
0x000007fef7c40000 - 0x000007fef7c49000 	C:\Windows\system32\WSOCK32.dll
0x000007fefe010000 - 0x000007fefe05d000 	C:\Windows\system32\WS2_32.dll
0x000007fefe410000 - 0x000007fefe418000 	C:\Windows\system32\NSI.dll
0x000007fefa450000 - 0x000007fefa48b000 	C:\Windows\system32\WINMM.dll
0x000007fefc940000 - 0x000007fefc94c000 	C:\Windows\system32\VERSION.dll
0x0000000077d10000 - 0x0000000077d17000 	C:\Windows\system32\PSAPI.DLL
0x0000000071710000 - 0x000000007171f000 	C:\Program Files\Java\jdk1.8.0_102\jre\bin\verify.dll
0x00000000716e0000 - 0x0000000071709000 	C:\Program Files\Java\jdk1.8.0_102\jre\bin\java.dll
0x0000000071660000 - 0x0000000071676000 	C:\Program Files\Java\jdk1.8.0_102\jre\bin\zip.dll
0x000007fefedd0000 - 0x000007feffb59000 	C:\Windows\system32\SHELL32.dll
0x000007fefde00000 - 0x000007fefe003000 	C:\Windows\system32\ole32.dll
0x000007fefd8a0000 - 0x000007fefd8af000 	C:\Windows\system32\profapi.dll
0x000007fefc650000 - 0x000007fefc660000 	C:\Program Files (x86)\JetBrains\IntelliJ IDEA 2016.1.3\bin\breakgen64.dll
0x0000000071640000 - 0x000000007165a000 	C:\Program Files\Java\jdk1.8.0_102\jre\bin\net.dll
0x000007fefd050000 - 0x000007fefd0a5000 	C:\Windows\system32\mswsock.dll
0x000007fefd040000 - 0x000007fefd047000 	C:\Windows\System32\wship6.dll
0x0000000071720000 - 0x000000007172d000 	C:\Program Files\Java\jdk1.8.0_102\jre\bin\management.dll
0x000007fefbf80000 - 0x000007fefbf95000 	C:\Windows\system32\NLAapi.dll
0x000007fefa4b0000 - 0x000007fefa4c5000 	C:\Windows\system32\napinsp.dll
0x000007fefa420000 - 0x000007fefa439000 	C:\Windows\system32\pnrpnsp.dll
0x000007fefced0000 - 0x000007fefcf2b000 	C:\Windows\system32\DNSAPI.dll
0x000007fefa410000 - 0x000007fefa41b000 	C:\Windows\System32\winrnr.dll
0x000007fefa400000 - 0x000007fefa410000 	C:\Windows\system32\wshbth.dll
0x000007fefca10000 - 0x000007fefca17000 	C:\Windows\System32\wshtcpip.dll
0x000007fefbca0000 - 0x000007fefbcc7000 	C:\Windows\system32\IPHLPAPI.DLL
0x000007fefbc90000 - 0x000007fefbc9b000 	C:\Windows\system32\WINNSI.DLL
0x000007fefa250000 - 0x000007fefa258000 	C:\Windows\system32\rasadhlp.dll
0x000007fefbb20000 - 0x000007fefbb73000 	C:\Windows\System32\fwpuclnt.dll
0x0000000071620000 - 0x0000000071631000 	C:\Program Files\Java\jdk1.8.0_102\jre\bin\nio.dll

VM Arguments:
jvm_args: -ea -Didea.launcher.port=7534 -Didea.launcher.bin.path=C:\Program Files (x86)\JetBrains\IntelliJ IDEA 2016.1.3\bin -Didea.junit.sm_runner -Dfile.encoding=UTF-8 
java_command: com.intellij.rt.execution.application.AppMain com.intellij.rt.execution.junit.JUnitStarter -ideVersion5 me.itache.repository.ContactRepositoryTest
java_class_path (initial): C:\Program Files (x86)\JetBrains\IntelliJ IDEA 2016.1.3\lib\idea_rt.jar;C:\Program Files (x86)\JetBrains\IntelliJ IDEA 2016.1.3\plugins\junit\lib\junit-rt.jar;C:\Program Files\Java\jdk1.8.0_102\jre\lib\charsets.jar;C:\Program Files\Java\jdk1.8.0_102\jre\lib\deploy.jar;C:\Program Files\Java\jdk1.8.0_102\jre\lib\ext\access-bridge-64.jar;C:\Program Files\Java\jdk1.8.0_102\jre\lib\ext\cldrdata.jar;C:\Program Files\Java\jdk1.8.0_102\jre\lib\ext\dnsns.jar;C:\Program Files\Java\jdk1.8.0_102\jre\lib\ext\jaccess.jar;C:\Program Files\Java\jdk1.8.0_102\jre\lib\ext\jfxrt.jar;C:\Program Files\Java\jdk1.8.0_102\jre\lib\ext\localedata.jar;C:\Program Files\Java\jdk1.8.0_102\jre\lib\ext\nashorn.jar;C:\Program Files\Java\jdk1.8.0_102\jre\lib\ext\sunec.jar;C:\Program Files\Java\jdk1.8.0_102\jre\lib\ext\sunjce_provider.jar;C:\Program Files\Java\jdk1.8.0_102\jre\lib\ext\sunmscapi.jar;C:\Program Files\Java\jdk1.8.0_102\jre\lib\ext\sunpkcs11.jar;C:\Program Files\Java\jdk1.8.0_102\jre\lib\ext\zipfs.jar;C:\Program Files\Java\jdk1.8.0_102\jre\lib\javaws.jar;C:\Program Files\Java\jdk1.8.0_102\jre\lib\jce.jar;C:\Program Files\Java\jdk1.8.0_102\jre\lib\jfr.jar;C:\Program Files\Java\jdk1.8.0_102\jre\lib\jfxswt.jar;C:\Program Files\Java\jdk1.8.0_102\jre\lib\jsse.jar;C:\Program Files\Java\jdk1.8.0_102\jre\lib\management-agent.jar;C:\Program Files\Java\jdk1.8.0_102\jre\lib\plugin.jar;C:\Program Files\Java\jdk1.8.0_102\jre\lib\resources.jar;C:\Program Files\Java\jdk1.8.0_102\jre\lib\rt.jar;D:\Work\Remme\ContactServer\target\test-classes;D:\Work\Remme\ContactServer\target\classes;C:\Users\Itache\.m2\repository\org\springframework\boot\spring-boot-starter-web\1.4.1.RELEASE\spring-boot-starter-web-1.4.1.RELEASE.jar;C:\Users\Itache\.m2\repository\org\springframework\boot\spring-boot-starter\1.4.1.RELEASE\spring-boot-starter-1.4.1.RELEASE.jar;C:\Users\Itache\.m2\repository\org\springframework\boot\spring-boot\1.4.1.RELEASE\spring-boot-1.4.1.RELEASE.jar;C:\Users\Itache\.m2\rep
Launcher Type: SUN_STANDARD

Environment Variables:
PATH=C:\ProgramData\Oracle\Java\javapath;C:\Windows\system32;C:\Windows;C:\Windows\System32\Wbem;C:\Windows\System32\WindowsPowerShell\v1.0\;C:\Program Files\nodejs\;C:\Program Files\Git\cmd;C:\Program Files (x86)\Skype\Phone\;C:\Users\Itache\AppData\Roaming\npm
USERNAME=Itache
OS=Windows_NT
PROCESSOR_IDENTIFIER=Intel64 Family 6 Model 37 Stepping 5, GenuineIntel



---------------  S Y S T E M  ---------------

OS: Windows 7 , 64 bit Build 7601 (6.1.7601.23418)

CPU:total 4 (2 cores per cpu, 2 threads per core) family 6 model 37 stepping 5, cmov, cx8, fxsr, mmx, sse, sse2, sse3, ssse3, sse4.1, sse4.2, popcnt, ht, tsc, tscinvbit

Memory: 4k page, physical 3987764k(645812k free), swap 3985904k(5176k free)

vm_info: Java HotSpot(TM) 64-Bit Server VM (25.102-b14) for windows-amd64 JRE (1.8.0_102-b14), built on Jun 22 2016 13:15:21 by "java_re" with MS VC++ 10.0 (VS2010)

time: Thu Nov 10 21:05:30 2016
elapsed time: 7 seconds (0d 0h 0m 7s)

